{"C:/Users/Dziana_Babrova/Projects/first-react-app/src/App.tsx": {"path":"C:/Users/Dziana_Babrova/Projects/first-react-app/src/App.tsx","statementMap":{"0":{"start":{"line":1,"column":48},"end":{"line":1,"column":null}},"1":{"start":{"line":10,"column":2},"end":{"line":18,"column":null}},"2":{"start":{"line":20,"column":1},"end":{"line":9,"column":15}},"3":{"start":{"line":22,"column":19},"end":{"line":22,"column":null}}},"fnMap":{"0":{"name":"(anonymous_0)","decl":{"start":{"line":1,"column":48},"end":{"line":1,"column":null}},"loc":{"start":{"line":1,"column":48},"end":{"line":1,"column":null}}},"1":{"name":"App","decl":{"start":{"line":9,"column":9},"end":{"line":9,"column":15}},"loc":{"start":{"line":9,"column":15},"end":{"line":20,"column":1}}}},"branchMap":{"0":{"loc":{"start":{"line":1,"column":48},"end":{"line":1,"column":null}},"type":"if","locations":[{"start":{"line":1,"column":48},"end":{"line":1,"column":null}}]}},"s":{"0":77,"1":11,"2":11,"3":11},"f":{"0":11,"1":11},"b":{"0":[11]}}
,"C:/Users/Dziana_Babrova/Projects/first-react-app/src/ClientApp.tsx": {"path":"C:/Users/Dziana_Babrova/Projects/first-react-app/src/ClientApp.tsx","statementMap":{"0":{"start":{"line":14,"column":14},"end":{"line":14,"column":null}},"1":{"start":{"line":16,"column":14},"end":{"line":16,"column":null}},"2":{"start":{"line":18,"column":0},"end":{"line":18,"column":null}},"3":{"start":{"line":20,"column":0},"end":{"line":27,"column":null}}},"fnMap":{},"branchMap":{"0":{"loc":{"start":{"line":16,"column":25},"end":{"line":16,"column":36}},"type":"binary-expr","locations":[{"start":{"line":16,"column":25},"end":{"line":16,"column":34}},{"start":{"line":16,"column":34},"end":{"line":16,"column":36}}]}},"s":{"0":11,"1":11,"2":11,"3":11},"f":{},"b":{"0":[11,0]}}
,"C:/Users/Dziana_Babrova/Projects/first-react-app/src/components/Base.tsx": {"path":"C:/Users/Dziana_Babrova/Projects/first-react-app/src/components/Base.tsx","statementMap":{"0":{"start":{"line":1,"column":41},"end":{"line":1,"column":null}},"1":{"start":{"line":5,"column":13},"end":{"line":13,"column":2}},"2":{"start":{"line":6,"column":2},"end":{"line":11,"column":null}},"3":{"start":{"line":13,"column":2},"end":{"line":5,"column":13}},"4":{"start":{"line":15,"column":16},"end":{"line":15,"column":null}}},"fnMap":{"0":{"name":"(anonymous_0)","decl":{"start":{"line":1,"column":41},"end":{"line":1,"column":null}},"loc":{"start":{"line":1,"column":41},"end":{"line":1,"column":null}}},"1":{"name":"(anonymous_1)","decl":{"start":{"line":5,"column":13},"end":{"line":5,"column":19}},"loc":{"start":{"line":5,"column":19},"end":{"line":13,"column":2}}}},"branchMap":{"0":{"loc":{"start":{"line":1,"column":41},"end":{"line":1,"column":null}},"type":"if","locations":[{"start":{"line":1,"column":41},"end":{"line":1,"column":null}}]}},"s":{"0":77,"1":11,"2":11,"3":11,"4":11},"f":{"0":11,"1":11},"b":{"0":[11]}}
,"C:/Users/Dziana_Babrova/Projects/first-react-app/src/components/cards/Card.tsx": {"path":"C:/Users/Dziana_Babrova/Projects/first-react-app/src/components/cards/Card.tsx","statementMap":{"0":{"start":{"line":1,"column":24},"end":{"line":1,"column":null}},"1":{"start":{"line":17,"column":13},"end":{"line":26,"column":2}},"2":{"start":{"line":18,"column":2},"end":{"line":24,"column":null}},"3":{"start":{"line":26,"column":2},"end":{"line":17,"column":13}},"4":{"start":{"line":28,"column":16},"end":{"line":28,"column":null}}},"fnMap":{"0":{"name":"(anonymous_0)","decl":{"start":{"line":1,"column":24},"end":{"line":1,"column":null}},"loc":{"start":{"line":1,"column":24},"end":{"line":1,"column":null}}},"1":{"name":"(anonymous_1)","decl":{"start":{"line":17,"column":13},"end":{"line":17,"column":14}},"loc":{"start":{"line":17,"column":45},"end":{"line":26,"column":2}}}},"branchMap":{"0":{"loc":{"start":{"line":1,"column":24},"end":{"line":1,"column":null}},"type":"if","locations":[{"start":{"line":1,"column":24},"end":{"line":1,"column":null}}]}},"s":{"0":77,"1":11,"2":596,"3":11,"4":11},"f":{"0":11,"1":596},"b":{"0":[11]}}
,"C:/Users/Dziana_Babrova/Projects/first-react-app/src/components/cards/CardsList.tsx": {"path":"C:/Users/Dziana_Babrova/Projects/first-react-app/src/components/cards/CardsList.tsx","statementMap":{"0":{"start":{"line":10,"column":18},"end":{"line":31,"column":2}},"1":{"start":{"line":10,"column":53},"end":{"line":10,"column":null}},"2":{"start":{"line":11,"column":16},"end":{"line":11,"column":null}},"3":{"start":{"line":13,"column":2},"end":{"line":29,"column":null}},"4":{"start":{"line":17,"column":10},"end":{"line":24,"column":null}},"5":{"start":{"line":31,"column":2},"end":{"line":11,"column":28}},"6":{"start":{"line":10,"column":15},"end":{"line":11,"column":28}},"7":{"start":{"line":11,"column":27},"end":{"line":10,"column":15}},"8":{"start":{"line":33,"column":21},"end":{"line":33,"column":null}}},"fnMap":{"0":{"name":"(anonymous_1)","decl":{"start":{"line":10,"column":18},"end":{"line":10,"column":19}},"loc":{"start":{"line":10,"column":53},"end":{"line":31,"column":2}}},"1":{"name":"(anonymous_2)","decl":{"start":{"line":16,"column":19},"end":{"line":16,"column":null}},"loc":{"start":{"line":17,"column":10},"end":{"line":24,"column":null}}},"2":{"name":"(anonymous_3)","decl":{"start":{"line":10,"column":15},"end":{"line":10,"column":18}},"loc":{"start":{"line":10,"column":15},"end":{"line":11,"column":28}}}},"branchMap":{"0":{"loc":{"start":{"line":15,"column":7},"end":{"line":27,"column":null}},"type":"cond-expr","locations":[{"start":{"line":16,"column":8},"end":{"line":25,"column":null}},{"start":{"line":27,"column":8},"end":{"line":27,"column":null}}]},"1":{"loc":{"start":{"line":15,"column":7},"end":{"line":15,"column":null}},"type":"binary-expr","locations":[{"start":{"line":15,"column":7},"end":{"line":15,"column":16}},{"start":{"line":15,"column":16},"end":{"line":15,"column":null}}]}},"s":{"0":11,"1":34,"2":34,"3":34,"4":596,"5":11,"6":7,"7":11,"8":11},"f":{"0":34,"1":596,"2":7},"b":{"0":[31,3],"1":[34,31]}}
,"C:/Users/Dziana_Babrova/Projects/first-react-app/src/components/confirmation/Confirmation.tsx": {"path":"C:/Users/Dziana_Babrova/Projects/first-react-app/src/components/confirmation/Confirmation.tsx","statementMap":{"0":{"start":{"line":1,"column":28},"end":{"line":1,"column":null}},"1":{"start":{"line":7,"column":21},"end":{"line":13,"column":2}},"2":{"start":{"line":8,"column":2},"end":{"line":11,"column":null}},"3":{"start":{"line":13,"column":2},"end":{"line":7,"column":21}},"4":{"start":{"line":15,"column":24},"end":{"line":15,"column":null}}},"fnMap":{"0":{"name":"(anonymous_0)","decl":{"start":{"line":1,"column":28},"end":{"line":1,"column":null}},"loc":{"start":{"line":1,"column":28},"end":{"line":1,"column":null}}},"1":{"name":"(anonymous_1)","decl":{"start":{"line":7,"column":21},"end":{"line":7,"column":22}},"loc":{"start":{"line":7,"column":62},"end":{"line":13,"column":2}}}},"branchMap":{"0":{"loc":{"start":{"line":1,"column":28},"end":{"line":1,"column":null}},"type":"if","locations":[{"start":{"line":1,"column":28},"end":{"line":1,"column":null}}]},"1":{"loc":{"start":{"line":10,"column":7},"end":{"line":10,"column":null}},"type":"cond-expr","locations":[{"start":{"line":10,"column":22},"end":{"line":10,"column":81}},{"start":{"line":10,"column":81},"end":{"line":10,"column":null}}]}},"s":{"0":77,"1":11,"2":5,"3":11,"4":11},"f":{"0":11,"1":5},"b":{"0":[11],"1":[0,5]}}
,"C:/Users/Dziana_Babrova/Projects/first-react-app/src/components/event-card/EventCard.tsx": {"path":"C:/Users/Dziana_Babrova/Projects/first-react-app/src/components/event-card/EventCard.tsx","statementMap":{"0":{"start":{"line":1,"column":43},"end":{"line":1,"column":null}},"1":{"start":{"line":4,"column":18},"end":{"line":30,"column":2}},"2":{"start":{"line":5,"column":2},"end":{"line":28,"column":null}},"3":{"start":{"line":30,"column":2},"end":{"line":4,"column":18}},"4":{"start":{"line":32,"column":21},"end":{"line":32,"column":null}}},"fnMap":{"0":{"name":"(anonymous_0)","decl":{"start":{"line":1,"column":43},"end":{"line":1,"column":null}},"loc":{"start":{"line":1,"column":43},"end":{"line":1,"column":null}}},"1":{"name":"(anonymous_1)","decl":{"start":{"line":4,"column":18},"end":{"line":4,"column":19}},"loc":{"start":{"line":4,"column":77},"end":{"line":30,"column":2}}}},"branchMap":{"0":{"loc":{"start":{"line":1,"column":43},"end":{"line":1,"column":null}},"type":"if","locations":[{"start":{"line":1,"column":43},"end":{"line":1,"column":null}}]}},"s":{"0":77,"1":11,"2":0,"3":11,"4":11},"f":{"0":11,"1":0},"b":{"0":[11]}}
,"C:/Users/Dziana_Babrova/Projects/first-react-app/src/components/event-card/EventCards.tsx": {"path":"C:/Users/Dziana_Babrova/Projects/first-react-app/src/components/event-card/EventCards.tsx","statementMap":{"0":{"start":{"line":5,"column":19},"end":{"line":14,"column":2}},"1":{"start":{"line":5,"column":25},"end":{"line":5,"column":null}},"2":{"start":{"line":6,"column":17},"end":{"line":6,"column":null}},"3":{"start":{"line":7,"column":2},"end":{"line":12,"column":null}},"4":{"start":{"line":10,"column":8},"end":{"line":10,"column":null}},"5":{"start":{"line":14,"column":2},"end":{"line":6,"column":29}},"6":{"start":{"line":5,"column":16},"end":{"line":6,"column":29}},"7":{"start":{"line":6,"column":28},"end":{"line":5,"column":16}},"8":{"start":{"line":16,"column":22},"end":{"line":16,"column":null}}},"fnMap":{"0":{"name":"(anonymous_1)","decl":{"start":{"line":5,"column":19},"end":{"line":5,"column":25}},"loc":{"start":{"line":5,"column":25},"end":{"line":14,"column":2}}},"1":{"name":"(anonymous_2)","decl":{"start":{"line":9,"column":19},"end":{"line":9,"column":null}},"loc":{"start":{"line":10,"column":8},"end":{"line":10,"column":null}}},"2":{"name":"(anonymous_3)","decl":{"start":{"line":5,"column":16},"end":{"line":5,"column":19}},"loc":{"start":{"line":5,"column":16},"end":{"line":6,"column":29}}}},"branchMap":{},"s":{"0":11,"1":5,"2":5,"3":5,"4":0,"5":11,"6":5,"7":11,"8":11},"f":{"0":5,"1":0,"2":5},"b":{}}
,"C:/Users/Dziana_Babrova/Projects/first-react-app/src/components/footer/Footer.tsx": {"path":"C:/Users/Dziana_Babrova/Projects/first-react-app/src/components/footer/Footer.tsx","statementMap":{"0":{"start":{"line":1,"column":22},"end":{"line":1,"column":null}},"1":{"start":{"line":3,"column":22},"end":{"line":29,"column":2}},"2":{"start":{"line":4,"column":2},"end":{"line":27,"column":null}},"3":{"start":{"line":29,"column":2},"end":{"line":3,"column":19}},"4":{"start":{"line":3,"column":19},"end":{"line":3,"column":22}}},"fnMap":{"0":{"name":"(anonymous_0)","decl":{"start":{"line":1,"column":22},"end":{"line":1,"column":null}},"loc":{"start":{"line":1,"column":22},"end":{"line":1,"column":null}}},"1":{"name":"(anonymous_1)","decl":{"start":{"line":3,"column":22},"end":{"line":3,"column":28}},"loc":{"start":{"line":3,"column":28},"end":{"line":29,"column":2}}}},"branchMap":{"0":{"loc":{"start":{"line":1,"column":22},"end":{"line":1,"column":null}},"type":"if","locations":[{"start":{"line":1,"column":22},"end":{"line":1,"column":null}}]}},"s":{"0":77,"1":11,"2":11,"3":11,"4":11},"f":{"0":11,"1":11},"b":{"0":[11]}}
,"C:/Users/Dziana_Babrova/Projects/first-react-app/src/components/form/Form.tsx": {"path":"C:/Users/Dziana_Babrova/Projects/first-react-app/src/components/form/Form.tsx","statementMap":{"0":{"start":{"line":34,"column":14},"end":{"line":34,"column":null}},"1":{"start":{"line":35,"column":14},"end":{"line":35,"column":null}},"2":{"start":{"line":36,"column":15},"end":{"line":36,"column":null}},"3":{"start":{"line":38,"column":13},"end":{"line":132,"column":2}},"4":{"start":{"line":38,"column":40},"end":{"line":38,"column":null}},"5":{"start":{"line":45,"column":6},"end":{"line":45,"column":null}},"6":{"start":{"line":47,"column":19},"end":{"line":59,"column":null}},"7":{"start":{"line":48,"column":17},"end":{"line":48,"column":null}},"8":{"start":{"line":49,"column":4},"end":{"line":57,"column":null}},"9":{"start":{"line":58,"column":4},"end":{"line":58,"column":null}},"10":{"start":{"line":61,"column":2},"end":{"line":130,"column":null}},"11":{"start":{"line":79,"column":10},"end":{"line":89,"column":null}},"12":{"start":{"line":102,"column":10},"end":{"line":112,"column":null}},"13":{"start":{"line":132,"column":2},"end":{"line":45,"column":25}},"14":{"start":{"line":38,"column":10},"end":{"line":45,"column":25}},"15":{"start":{"line":45,"column":13},"end":{"line":38,"column":10}},"16":{"start":{"line":134,"column":16},"end":{"line":134,"column":null}}},"fnMap":{"0":{"name":"(anonymous_1)","decl":{"start":{"line":38,"column":13},"end":{"line":38,"column":14}},"loc":{"start":{"line":38,"column":40},"end":{"line":132,"column":2}}},"1":{"name":"(anonymous_2)","decl":{"start":{"line":47,"column":19},"end":{"line":47,"column":25}},"loc":{"start":{"line":47,"column":25},"end":{"line":59,"column":null}}},"2":{"name":"(anonymous_3)","decl":{"start":{"line":78,"column":20},"end":{"line":78,"column":21}},"loc":{"start":{"line":79,"column":10},"end":{"line":89,"column":null}}},"3":{"name":"(anonymous_4)","decl":{"start":{"line":101,"column":19},"end":{"line":101,"column":20}},"loc":{"start":{"line":102,"column":10},"end":{"line":112,"column":null}}},"4":{"name":"(anonymous_5)","decl":{"start":{"line":38,"column":10},"end":{"line":38,"column":13}},"loc":{"start":{"line":38,"column":10},"end":{"line":45,"column":25}}}},"branchMap":{"0":{"loc":{"start":{"line":69,"column":24},"end":{"line":69,"column":92}},"type":"cond-expr","locations":[{"start":{"line":69,"column":67},"end":{"line":69,"column":89}},{"start":{"line":69,"column":89},"end":{"line":69,"column":92}}]},"1":{"loc":{"start":{"line":75,"column":24},"end":{"line":75,"column":93}},"type":"cond-expr","locations":[{"start":{"line":75,"column":67},"end":{"line":75,"column":90}},{"start":{"line":75,"column":90},"end":{"line":75,"column":93}}]},"2":{"loc":{"start":{"line":86,"column":14},"end":{"line":88,"column":null}},"type":"cond-expr","locations":[{"start":{"line":87,"column":18},"end":{"line":87,"column":null}},{"start":{"line":88,"column":18},"end":{"line":88,"column":null}}]},"3":{"loc":{"start":{"line":86,"column":14},"end":{"line":86,"column":null}},"type":"binary-expr","locations":[{"start":{"line":86,"column":14},"end":{"line":86,"column":45}},{"start":{"line":86,"column":45},"end":{"line":86,"column":null}}]},"4":{"loc":{"start":{"line":98,"column":24},"end":{"line":98,"column":92}},"type":"cond-expr","locations":[{"start":{"line":98,"column":67},"end":{"line":98,"column":89}},{"start":{"line":98,"column":89},"end":{"line":98,"column":92}}]},"5":{"loc":{"start":{"line":109,"column":14},"end":{"line":111,"column":null}},"type":"cond-expr","locations":[{"start":{"line":110,"column":18},"end":{"line":110,"column":null}},{"start":{"line":111,"column":18},"end":{"line":111,"column":null}}]},"6":{"loc":{"start":{"line":109,"column":14},"end":{"line":109,"column":null}},"type":"binary-expr","locations":[{"start":{"line":109,"column":14},"end":{"line":109,"column":44}},{"start":{"line":109,"column":44},"end":{"line":109,"column":null}}]},"7":{"loc":{"start":{"line":120,"column":24},"end":{"line":120,"column":94}},"type":"cond-expr","locations":[{"start":{"line":120,"column":68},"end":{"line":120,"column":91}},{"start":{"line":120,"column":91},"end":{"line":120,"column":94}}]},"8":{"loc":{"start":{"line":126,"column":24},"end":{"line":126,"column":97}},"type":"cond-expr","locations":[{"start":{"line":126,"column":69},"end":{"line":126,"column":94}},{"start":{"line":126,"column":94},"end":{"line":126,"column":97}}]}},"s":{"0":11,"1":11,"2":11,"3":11,"4":6,"5":6,"6":6,"7":0,"8":0,"9":0,"10":6,"11":24,"12":12,"13":11,"14":5,"15":11,"16":11},"f":{"0":6,"1":0,"2":24,"3":12,"4":5},"b":{"0":[1,5],"1":[1,5],"2":[1,23],"3":[24,6],"4":[1,5],"5":[1,11],"6":[12,6],"7":[1,5],"8":[1,5]}}
,"C:/Users/Dziana_Babrova/Projects/first-react-app/src/components/header/Header.tsx": {"path":"C:/Users/Dziana_Babrova/Projects/first-react-app/src/components/header/Header.tsx","statementMap":{"0":{"start":{"line":5,"column":15},"end":{"line":33,"column":2}},"1":{"start":{"line":5,"column":21},"end":{"line":5,"column":null}},"2":{"start":{"line":6,"column":19},"end":{"line":6,"column":null}},"3":{"start":{"line":8,"column":19},"end":{"line":23,"column":null}},"4":{"start":{"line":9,"column":4},"end":{"line":22,"column":null}},"5":{"start":{"line":11,"column":8},"end":{"line":11,"column":null}},"6":{"start":{"line":14,"column":8},"end":{"line":14,"column":null}},"7":{"start":{"line":17,"column":8},"end":{"line":17,"column":null}},"8":{"start":{"line":20,"column":8},"end":{"line":20,"column":null}},"9":{"start":{"line":25,"column":2},"end":{"line":31,"column":null}},"10":{"start":{"line":33,"column":2},"end":{"line":6,"column":31}},"11":{"start":{"line":5,"column":12},"end":{"line":6,"column":31}},"12":{"start":{"line":6,"column":30},"end":{"line":5,"column":12}},"13":{"start":{"line":35,"column":18},"end":{"line":35,"column":null}}},"fnMap":{"0":{"name":"(anonymous_1)","decl":{"start":{"line":5,"column":15},"end":{"line":5,"column":21}},"loc":{"start":{"line":5,"column":21},"end":{"line":33,"column":2}}},"1":{"name":"(anonymous_2)","decl":{"start":{"line":8,"column":19},"end":{"line":8,"column":20}},"loc":{"start":{"line":8,"column":37},"end":{"line":23,"column":null}}},"2":{"name":"(anonymous_3)","decl":{"start":{"line":5,"column":12},"end":{"line":5,"column":15}},"loc":{"start":{"line":5,"column":12},"end":{"line":6,"column":31}}}},"branchMap":{"0":{"loc":{"start":{"line":9,"column":4},"end":{"line":22,"column":null}},"type":"switch","locations":[{"start":{"line":10,"column":6},"end":{"line":12,"column":null}},{"start":{"line":13,"column":6},"end":{"line":15,"column":null}},{"start":{"line":16,"column":6},"end":{"line":18,"column":null}},{"start":{"line":19,"column":6},"end":{"line":21,"column":null}}]}},"s":{"0":11,"1":22,"2":22,"3":22,"4":22,"5":11,"6":6,"7":5,"8":0,"9":22,"10":11,"11":11,"12":11,"13":11},"f":{"0":22,"1":22,"2":11},"b":{"0":[11,6,5,0]}}
,"C:/Users/Dziana_Babrova/Projects/first-react-app/src/components/inputs/checkbox/CheckboxInput.tsx": {"path":"C:/Users/Dziana_Babrova/Projects/first-react-app/src/components/inputs/checkbox/CheckboxInput.tsx","statementMap":{"0":{"start":{"line":1,"column":66},"end":{"line":1,"column":null}},"1":{"start":{"line":12,"column":29},"end":{"line":26,"column":2}},"2":{"start":{"line":19,"column":2},"end":{"line":24,"column":null}},"3":{"start":{"line":26,"column":2},"end":{"line":12,"column":26}},"4":{"start":{"line":12,"column":26},"end":{"line":12,"column":29}}},"fnMap":{"0":{"name":"(anonymous_0)","decl":{"start":{"line":1,"column":66},"end":{"line":1,"column":null}},"loc":{"start":{"line":1,"column":66},"end":{"line":1,"column":null}}},"1":{"name":"(anonymous_1)","decl":{"start":{"line":12,"column":29},"end":{"line":12,"column":30}},"loc":{"start":{"line":18,"column":26},"end":{"line":26,"column":2}}}},"branchMap":{"0":{"loc":{"start":{"line":1,"column":66},"end":{"line":1,"column":null}},"type":"if","locations":[{"start":{"line":1,"column":66},"end":{"line":1,"column":null}}]},"1":{"loc":{"start":{"line":23,"column":7},"end":{"line":23,"column":null}},"type":"binary-expr","locations":[{"start":{"line":23,"column":7},"end":{"line":23,"column":23}},{"start":{"line":23,"column":23},"end":{"line":23,"column":null}}]}},"s":{"0":77,"1":11,"2":24,"3":11,"4":11},"f":{"0":11,"1":24},"b":{"0":[11],"1":[24,1]}}
,"C:/Users/Dziana_Babrova/Projects/first-react-app/src/components/inputs/date/DateInput.tsx": {"path":"C:/Users/Dziana_Babrova/Projects/first-react-app/src/components/inputs/date/DateInput.tsx","statementMap":{"0":{"start":{"line":1,"column":66},"end":{"line":1,"column":null}},"1":{"start":{"line":9,"column":25},"end":{"line":16,"column":2}},"2":{"start":{"line":10,"column":2},"end":{"line":14,"column":null}},"3":{"start":{"line":16,"column":2},"end":{"line":9,"column":22}},"4":{"start":{"line":9,"column":22},"end":{"line":9,"column":25}}},"fnMap":{"0":{"name":"(anonymous_0)","decl":{"start":{"line":1,"column":66},"end":{"line":1,"column":null}},"loc":{"start":{"line":1,"column":66},"end":{"line":1,"column":null}}},"1":{"name":"(anonymous_1)","decl":{"start":{"line":9,"column":25},"end":{"line":9,"column":26}},"loc":{"start":{"line":9,"column":84},"end":{"line":16,"column":2}}}},"branchMap":{"0":{"loc":{"start":{"line":1,"column":66},"end":{"line":1,"column":null}},"type":"if","locations":[{"start":{"line":1,"column":66},"end":{"line":1,"column":null}}]},"1":{"loc":{"start":{"line":12,"column":50},"end":{"line":12,"column":74}},"type":"binary-expr","locations":[{"start":{"line":12,"column":50},"end":{"line":12,"column":66}},{"start":{"line":12,"column":66},"end":{"line":12,"column":74}}]}},"s":{"0":77,"1":11,"2":6,"3":11,"4":11},"f":{"0":11,"1":6},"b":{"0":[11],"1":[6,1]}}
,"C:/Users/Dziana_Babrova/Projects/first-react-app/src/components/inputs/file/FileInput.tsx": {"path":"C:/Users/Dziana_Babrova/Projects/first-react-app/src/components/inputs/file/FileInput.tsx","statementMap":{"0":{"start":{"line":1,"column":66},"end":{"line":1,"column":null}},"1":{"start":{"line":9,"column":25},"end":{"line":21,"column":2}},"2":{"start":{"line":10,"column":2},"end":{"line":19,"column":null}},"3":{"start":{"line":21,"column":2},"end":{"line":9,"column":22}},"4":{"start":{"line":9,"column":22},"end":{"line":9,"column":25}}},"fnMap":{"0":{"name":"(anonymous_0)","decl":{"start":{"line":1,"column":66},"end":{"line":1,"column":null}},"loc":{"start":{"line":1,"column":66},"end":{"line":1,"column":null}}},"1":{"name":"(anonymous_1)","decl":{"start":{"line":9,"column":25},"end":{"line":9,"column":26}},"loc":{"start":{"line":9,"column":84},"end":{"line":21,"column":2}}}},"branchMap":{"0":{"loc":{"start":{"line":1,"column":66},"end":{"line":1,"column":null}},"type":"if","locations":[{"start":{"line":1,"column":66},"end":{"line":1,"column":null}}]}},"s":{"0":77,"1":11,"2":6,"3":11,"4":11},"f":{"0":11,"1":6},"b":{"0":[11]}}
,"C:/Users/Dziana_Babrova/Projects/first-react-app/src/components/inputs/radio/RadioInput.tsx": {"path":"C:/Users/Dziana_Babrova/Projects/first-react-app/src/components/inputs/radio/RadioInput.tsx","statementMap":{"0":{"start":{"line":1,"column":66},"end":{"line":1,"column":null}},"1":{"start":{"line":12,"column":26},"end":{"line":20,"column":2}},"2":{"start":{"line":13,"column":2},"end":{"line":18,"column":null}},"3":{"start":{"line":20,"column":2},"end":{"line":12,"column":23}},"4":{"start":{"line":12,"column":23},"end":{"line":12,"column":26}}},"fnMap":{"0":{"name":"(anonymous_0)","decl":{"start":{"line":1,"column":66},"end":{"line":1,"column":null}},"loc":{"start":{"line":1,"column":66},"end":{"line":1,"column":null}}},"1":{"name":"(anonymous_1)","decl":{"start":{"line":12,"column":26},"end":{"line":12,"column":27}},"loc":{"start":{"line":12,"column":99},"end":{"line":20,"column":2}}}},"branchMap":{"0":{"loc":{"start":{"line":1,"column":66},"end":{"line":1,"column":null}},"type":"if","locations":[{"start":{"line":1,"column":66},"end":{"line":1,"column":null}}]},"1":{"loc":{"start":{"line":17,"column":7},"end":{"line":17,"column":null}},"type":"binary-expr","locations":[{"start":{"line":17,"column":7},"end":{"line":17,"column":23}},{"start":{"line":17,"column":23},"end":{"line":17,"column":null}}]}},"s":{"0":77,"1":11,"2":12,"3":11,"4":11},"f":{"0":11,"1":12},"b":{"0":[11],"1":[12,1]}}
,"C:/Users/Dziana_Babrova/Projects/first-react-app/src/components/inputs/select/Select.tsx": {"path":"C:/Users/Dziana_Babrova/Projects/first-react-app/src/components/inputs/select/Select.tsx","statementMap":{"0":{"start":{"line":1,"column":66},"end":{"line":1,"column":null}},"1":{"start":{"line":11,"column":22},"end":{"line":38,"column":2}},"2":{"start":{"line":18,"column":2},"end":{"line":36,"column":null}},"3":{"start":{"line":30,"column":10},"end":{"line":32,"column":null}},"4":{"start":{"line":38,"column":2},"end":{"line":11,"column":19}},"5":{"start":{"line":11,"column":19},"end":{"line":11,"column":22}}},"fnMap":{"0":{"name":"(anonymous_0)","decl":{"start":{"line":1,"column":66},"end":{"line":1,"column":null}},"loc":{"start":{"line":1,"column":66},"end":{"line":1,"column":null}}},"1":{"name":"(anonymous_1)","decl":{"start":{"line":11,"column":22},"end":{"line":11,"column":23}},"loc":{"start":{"line":17,"column":19},"end":{"line":38,"column":2}}},"2":{"name":"(anonymous_2)","decl":{"start":{"line":29,"column":22},"end":{"line":29,"column":null}},"loc":{"start":{"line":30,"column":10},"end":{"line":32,"column":null}}}},"branchMap":{"0":{"loc":{"start":{"line":1,"column":66},"end":{"line":1,"column":null}},"type":"if","locations":[{"start":{"line":1,"column":66},"end":{"line":1,"column":null}}]},"1":{"loc":{"start":{"line":21,"column":19},"end":{"line":21,"column":null}},"type":"cond-expr","locations":[{"start":{"line":21,"column":34},"end":{"line":21,"column":44}},{"start":{"line":21,"column":44},"end":{"line":21,"column":null}}]}},"s":{"0":77,"1":11,"2":6,"3":30,"4":11,"5":11},"f":{"0":11,"1":6,"2":30},"b":{"0":[11],"1":[1,5]}}
,"C:/Users/Dziana_Babrova/Projects/first-react-app/src/components/inputs/text/TextInput.tsx": {"path":"C:/Users/Dziana_Babrova/Projects/first-react-app/src/components/inputs/text/TextInput.tsx","statementMap":{"0":{"start":{"line":1,"column":55},"end":{"line":1,"column":null}},"1":{"start":{"line":10,"column":25},"end":{"line":18,"column":2}},"2":{"start":{"line":11,"column":2},"end":{"line":16,"column":null}},"3":{"start":{"line":18,"column":2},"end":{"line":10,"column":22}},"4":{"start":{"line":10,"column":22},"end":{"line":10,"column":25}}},"fnMap":{"0":{"name":"(anonymous_0)","decl":{"start":{"line":1,"column":55},"end":{"line":1,"column":null}},"loc":{"start":{"line":1,"column":55},"end":{"line":1,"column":null}}},"1":{"name":"(anonymous_1)","decl":{"start":{"line":10,"column":25},"end":{"line":10,"column":26}},"loc":{"start":{"line":10,"column":88},"end":{"line":18,"column":2}}}},"branchMap":{"0":{"loc":{"start":{"line":1,"column":55},"end":{"line":1,"column":null}},"type":"if","locations":[{"start":{"line":1,"column":55},"end":{"line":1,"column":null}}]},"1":{"loc":{"start":{"line":14,"column":58},"end":{"line":14,"column":86}},"type":"cond-expr","locations":[{"start":{"line":14,"column":73},"end":{"line":14,"column":83}},{"start":{"line":14,"column":83},"end":{"line":14,"column":86}}]}},"s":{"0":77,"1":11,"2":12,"3":11,"4":11},"f":{"0":11,"1":12},"b":{"0":[11],"1":[2,10]}}
,"C:/Users/Dziana_Babrova/Projects/first-react-app/src/components/loader/Loader.tsx": {"path":"C:/Users/Dziana_Babrova/Projects/first-react-app/src/components/loader/Loader.tsx","statementMap":{"0":{"start":{"line":1,"column":22},"end":{"line":1,"column":null}},"1":{"start":{"line":3,"column":22},"end":{"line":9,"column":2}},"2":{"start":{"line":4,"column":2},"end":{"line":7,"column":null}},"3":{"start":{"line":9,"column":2},"end":{"line":3,"column":19}},"4":{"start":{"line":3,"column":19},"end":{"line":3,"column":22}}},"fnMap":{"0":{"name":"(anonymous_0)","decl":{"start":{"line":1,"column":22},"end":{"line":1,"column":null}},"loc":{"start":{"line":1,"column":22},"end":{"line":1,"column":null}}},"1":{"name":"(anonymous_1)","decl":{"start":{"line":3,"column":22},"end":{"line":3,"column":28}},"loc":{"start":{"line":3,"column":28},"end":{"line":9,"column":2}}}},"branchMap":{"0":{"loc":{"start":{"line":1,"column":22},"end":{"line":1,"column":null}},"type":"if","locations":[{"start":{"line":1,"column":22},"end":{"line":1,"column":null}}]}},"s":{"0":77,"1":11,"2":18,"3":11,"4":11},"f":{"0":11,"1":18},"b":{"0":[11]}}
,"C:/Users/Dziana_Babrova/Projects/first-react-app/src/components/modal/Modal.tsx": {"path":"C:/Users/Dziana_Babrova/Projects/first-react-app/src/components/modal/Modal.tsx","statementMap":{"0":{"start":{"line":11,"column":21},"end":{"line":61,"column":2}},"1":{"start":{"line":11,"column":53},"end":{"line":11,"column":null}},"2":{"start":{"line":12,"column":17},"end":{"line":12,"column":null}},"3":{"start":{"line":12,"column":51},"end":{"line":12,"column":76}},"4":{"start":{"line":13,"column":15},"end":{"line":13,"column":null}},"5":{"start":{"line":16,"column":4},"end":{"line":23,"column":null}},"6":{"start":{"line":18,"column":8},"end":{"line":18,"column":null}},"7":{"start":{"line":20,"column":8},"end":{"line":20,"column":null}},"8":{"start":{"line":22,"column":8},"end":{"line":22,"column":null}},"9":{"start":{"line":26,"column":2},"end":{"line":59,"column":null}},"10":{"start":{"line":61,"column":2},"end":{"line":13,"column":27}},"11":{"start":{"line":11,"column":18},"end":{"line":13,"column":27}},"12":{"start":{"line":13,"column":26},"end":{"line":11,"column":18}},"13":{"start":{"line":11,"column":18},"end":{"line":11,"column":21}}},"fnMap":{"0":{"name":"(anonymous_1)","decl":{"start":{"line":11,"column":21},"end":{"line":11,"column":22}},"loc":{"start":{"line":11,"column":53},"end":{"line":61,"column":2}}},"1":{"name":"(anonymous_2)","decl":{"start":{"line":12,"column":29},"end":{"line":12,"column":30}},"loc":{"start":{"line":12,"column":51},"end":{"line":12,"column":76}}},"2":{"name":"selectColor","decl":{"start":{"line":15,"column":11},"end":{"line":15,"column":23}},"loc":{"start":{"line":15,"column":39},"end":{"line":24,"column":null}}},"3":{"name":"(anonymous_4)","decl":{"start":{"line":11,"column":18},"end":{"line":11,"column":21}},"loc":{"start":{"line":11,"column":18},"end":{"line":13,"column":27}}}},"branchMap":{"0":{"loc":{"start":{"line":16,"column":4},"end":{"line":23,"column":null}},"type":"switch","locations":[{"start":{"line":17,"column":6},"end":{"line":18,"column":null}},{"start":{"line":19,"column":6},"end":{"line":20,"column":null}},{"start":{"line":21,"column":6},"end":{"line":22,"column":null}}]},"1":{"loc":{"start":{"line":30,"column":9},"end":{"line":55,"column":null}},"type":"cond-expr","locations":[{"start":{"line":31,"column":10},"end":{"line":31,"column":null}},{"start":{"line":32,"column":12},"end":{"line":55,"column":null}}]},"2":{"loc":{"start":{"line":32,"column":12},"end":{"line":55,"column":null}},"type":"cond-expr","locations":[{"start":{"line":33,"column":10},"end":{"line":53,"column":null}},{"start":{"line":55,"column":10},"end":{"line":55,"column":null}}]}},"s":{"0":11,"1":6,"2":6,"3":11,"4":6,"5":3,"6":3,"7":0,"8":0,"9":6,"10":11,"11":2,"12":11,"13":11},"f":{"0":6,"1":11,"2":3,"3":2},"b":{"0":[3,0,0],"1":[3,3],"2":[3,0]}}
,"C:/Users/Dziana_Babrova/Projects/first-react-app/src/components/navigation/Navigation.tsx": {"path":"C:/Users/Dziana_Babrova/Projects/first-react-app/src/components/navigation/Navigation.tsx","statementMap":{"0":{"start":{"line":1,"column":42},"end":{"line":1,"column":null}},"1":{"start":{"line":5,"column":14},"end":{"line":17,"column":null}},"2":{"start":{"line":20,"column":37},"end":{"line":21,"column":null}},"3":{"start":{"line":21,"column":2},"end":{"line":21,"column":null}},"4":{"start":{"line":23,"column":19},"end":{"line":33,"column":2}},"5":{"start":{"line":24,"column":2},"end":{"line":31,"column":null}},"6":{"start":{"line":27,"column":8},"end":{"line":29,"column":null}},"7":{"start":{"line":33,"column":2},"end":{"line":23,"column":19}},"8":{"start":{"line":35,"column":22},"end":{"line":35,"column":null}}},"fnMap":{"0":{"name":"(anonymous_0)","decl":{"start":{"line":1,"column":42},"end":{"line":1,"column":null}},"loc":{"start":{"line":1,"column":42},"end":{"line":1,"column":null}}},"1":{"name":"(anonymous_1)","decl":{"start":{"line":20,"column":37},"end":{"line":20,"column":38}},"loc":{"start":{"line":21,"column":2},"end":{"line":21,"column":null}}},"2":{"name":"(anonymous_2)","decl":{"start":{"line":23,"column":19},"end":{"line":23,"column":25}},"loc":{"start":{"line":23,"column":25},"end":{"line":33,"column":2}}},"3":{"name":"(anonymous_3)","decl":{"start":{"line":26,"column":18},"end":{"line":26,"column":null}},"loc":{"start":{"line":27,"column":8},"end":{"line":29,"column":null}}}},"branchMap":{"0":{"loc":{"start":{"line":1,"column":42},"end":{"line":1,"column":null}},"type":"if","locations":[{"start":{"line":1,"column":42},"end":{"line":1,"column":null}}]},"1":{"loc":{"start":{"line":21,"column":2},"end":{"line":21,"column":null}},"type":"cond-expr","locations":[{"start":{"line":21,"column":13},"end":{"line":21,"column":50}},{"start":{"line":21,"column":50},"end":{"line":21,"column":null}}]}},"s":{"0":77,"1":11,"2":11,"3":66,"4":11,"5":22,"6":66,"7":11,"8":11},"f":{"0":11,"1":66,"2":22,"3":66},"b":{"0":[11],"1":[22,44]}}
,"C:/Users/Dziana_Babrova/Projects/first-react-app/src/components/search/Search.tsx": {"path":"C:/Users/Dziana_Babrova/Projects/first-react-app/src/components/search/Search.tsx","statementMap":{"0":{"start":{"line":8,"column":15},"end":{"line":25,"column":2}},"1":{"start":{"line":8,"column":21},"end":{"line":8,"column":null}},"2":{"start":{"line":9,"column":17},"end":{"line":9,"column":null}},"3":{"start":{"line":10,"column":20},"end":{"line":10,"column":null}},"4":{"start":{"line":11,"column":19},"end":{"line":11,"column":null}},"5":{"start":{"line":12,"column":2},"end":{"line":12,"column":null}},"6":{"start":{"line":12,"column":25},"end":{"line":12,"column":null}},"7":{"start":{"line":14,"column":23},"end":{"line":17,"column":null}},"8":{"start":{"line":15,"column":4},"end":{"line":15,"column":null}},"9":{"start":{"line":16,"column":4},"end":{"line":16,"column":null}},"10":{"start":{"line":16,"column":27},"end":{"line":16,"column":null}},"11":{"start":{"line":19,"column":2},"end":{"line":23,"column":null}},"12":{"start":{"line":25,"column":2},"end":{"line":11,"column":44}},"13":{"start":{"line":8,"column":12},"end":{"line":11,"column":44}},"14":{"start":{"line":11,"column":30},"end":{"line":8,"column":12}},"15":{"start":{"line":27,"column":18},"end":{"line":27,"column":null}}},"fnMap":{"0":{"name":"(anonymous_1)","decl":{"start":{"line":8,"column":15},"end":{"line":8,"column":21}},"loc":{"start":{"line":8,"column":21},"end":{"line":25,"column":2}}},"1":{"name":"(anonymous_2)","decl":{"start":{"line":14,"column":23},"end":{"line":14,"column":30}},"loc":{"start":{"line":14,"column":57},"end":{"line":17,"column":null}}},"2":{"name":"(anonymous_3)","decl":{"start":{"line":8,"column":12},"end":{"line":8,"column":15}},"loc":{"start":{"line":8,"column":12},"end":{"line":11,"column":44}}}},"branchMap":{"0":{"loc":{"start":{"line":12,"column":2},"end":{"line":12,"column":null}},"type":"if","locations":[{"start":{"line":12,"column":2},"end":{"line":12,"column":null}}]},"1":{"loc":{"start":{"line":16,"column":4},"end":{"line":16,"column":null}},"type":"if","locations":[{"start":{"line":16,"column":4},"end":{"line":16,"column":null}}]}},"s":{"0":11,"1":49,"2":49,"3":49,"4":49,"5":49,"6":38,"7":49,"8":4,"9":4,"10":4,"11":49,"12":11,"13":7,"14":11,"15":11},"f":{"0":49,"1":4,"2":7},"b":{"0":[38],"1":[4]}}
,"C:/Users/Dziana_Babrova/Projects/first-react-app/src/consts/formValidationRules.ts": {"path":"C:/Users/Dziana_Babrova/Projects/first-react-app/src/consts/formValidationRules.ts","statementMap":{"0":{"start":{"line":1,"column":35},"end":{"line":39,"column":null}},"1":{"start":{"line":18,"column":6},"end":{"line":18,"column":null}},"2":{"start":{"line":18,"column":32},"end":{"line":18,"column":null}},"3":{"start":{"line":35,"column":8},"end":{"line":36,"column":null}}},"fnMap":{"0":{"name":"(anonymous_0)","decl":{"start":{"line":17,"column":14},"end":{"line":17,"column":15}},"loc":{"start":{"line":17,"column":33},"end":{"line":19,"column":null}}},"1":{"name":"(anonymous_1)","decl":{"start":{"line":34,"column":23},"end":{"line":34,"column":24}},"loc":{"start":{"line":35,"column":8},"end":{"line":36,"column":null}}}},"branchMap":{"0":{"loc":{"start":{"line":18,"column":6},"end":{"line":18,"column":null}},"type":"if","locations":[{"start":{"line":18,"column":6},"end":{"line":18,"column":null}}]},"1":{"loc":{"start":{"line":35,"column":8},"end":{"line":36,"column":null}},"type":"binary-expr","locations":[{"start":{"line":35,"column":8},"end":{"line":35,"column":null}},{"start":{"line":36,"column":8},"end":{"line":36,"column":null}}]}},"s":{"0":11,"1":1,"2":1,"3":0},"f":{"0":1,"1":0},"b":{"0":[1],"1":[0,0]}}
,"C:/Users/Dziana_Babrova/Projects/first-react-app/src/pages/about-page/About.tsx": {"path":"C:/Users/Dziana_Babrova/Projects/first-react-app/src/pages/about-page/About.tsx","statementMap":{"0":{"start":{"line":1,"column":21},"end":{"line":1,"column":null}},"1":{"start":{"line":3,"column":18},"end":{"line":9,"column":2}},"2":{"start":{"line":4,"column":2},"end":{"line":7,"column":null}},"3":{"start":{"line":9,"column":2},"end":{"line":3,"column":18}},"4":{"start":{"line":11,"column":21},"end":{"line":11,"column":null}}},"fnMap":{"0":{"name":"(anonymous_0)","decl":{"start":{"line":1,"column":21},"end":{"line":1,"column":null}},"loc":{"start":{"line":1,"column":21},"end":{"line":1,"column":null}}},"1":{"name":"(anonymous_1)","decl":{"start":{"line":3,"column":18},"end":{"line":3,"column":24}},"loc":{"start":{"line":3,"column":24},"end":{"line":9,"column":2}}}},"branchMap":{"0":{"loc":{"start":{"line":1,"column":21},"end":{"line":1,"column":null}},"type":"if","locations":[{"start":{"line":1,"column":21},"end":{"line":1,"column":null}}]}},"s":{"0":77,"1":11,"2":6,"3":11,"4":11},"f":{"0":11,"1":6},"b":{"0":[11]}}
,"C:/Users/Dziana_Babrova/Projects/first-react-app/src/pages/forms-page/Forms.tsx": {"path":"C:/Users/Dziana_Babrova/Projects/first-react-app/src/pages/forms-page/Forms.tsx","statementMap":{"0":{"start":{"line":9,"column":18},"end":{"line":30,"column":2}},"1":{"start":{"line":9,"column":24},"end":{"line":9,"column":null}},"2":{"start":{"line":10,"column":19},"end":{"line":10,"column":null}},"3":{"start":{"line":11,"column":38},"end":{"line":11,"column":null}},"4":{"start":{"line":13,"column":22},"end":{"line":19,"column":null}},"5":{"start":{"line":14,"column":4},"end":{"line":14,"column":null}},"6":{"start":{"line":15,"column":4},"end":{"line":15,"column":null}},"7":{"start":{"line":16,"column":4},"end":{"line":18,"column":null}},"8":{"start":{"line":17,"column":6},"end":{"line":17,"column":null}},"9":{"start":{"line":21,"column":2},"end":{"line":28,"column":null}},"10":{"start":{"line":30,"column":2},"end":{"line":10,"column":31}},"11":{"start":{"line":9,"column":15},"end":{"line":10,"column":31}},"12":{"start":{"line":10,"column":30},"end":{"line":9,"column":15}},"13":{"start":{"line":32,"column":21},"end":{"line":32,"column":null}}},"fnMap":{"0":{"name":"(anonymous_1)","decl":{"start":{"line":9,"column":18},"end":{"line":9,"column":24}},"loc":{"start":{"line":9,"column":24},"end":{"line":30,"column":2}}},"1":{"name":"(anonymous_2)","decl":{"start":{"line":13,"column":22},"end":{"line":13,"column":23}},"loc":{"start":{"line":13,"column":41},"end":{"line":19,"column":null}}},"2":{"name":"(anonymous_3)","decl":{"start":{"line":16,"column":15},"end":{"line":16,"column":21}},"loc":{"start":{"line":16,"column":21},"end":{"line":18,"column":7}}},"3":{"name":"(anonymous_4)","decl":{"start":{"line":9,"column":15},"end":{"line":9,"column":18}},"loc":{"start":{"line":9,"column":15},"end":{"line":10,"column":31}}}},"branchMap":{},"s":{"0":11,"1":5,"2":5,"3":5,"4":5,"5":0,"6":0,"7":0,"8":0,"9":5,"10":11,"11":5,"12":11,"13":11},"f":{"0":5,"1":0,"2":0,"3":5},"b":{}}
,"C:/Users/Dziana_Babrova/Projects/first-react-app/src/pages/home-page/Home.tsx": {"path":"C:/Users/Dziana_Babrova/Projects/first-react-app/src/pages/home-page/Home.tsx","statementMap":{"0":{"start":{"line":13,"column":17},"end":{"line":43,"column":2}},"1":{"start":{"line":13,"column":23},"end":{"line":13,"column":null}},"2":{"start":{"line":14,"column":17},"end":{"line":14,"column":null}},"3":{"start":{"line":14,"column":51},"end":{"line":14,"column":77}},"4":{"start":{"line":15,"column":40},"end":{"line":15,"column":null}},"5":{"start":{"line":16,"column":38},"end":{"line":16,"column":null}},"6":{"start":{"line":17,"column":19},"end":{"line":17,"column":null}},"7":{"start":{"line":18,"column":17},"end":{"line":18,"column":null}},"8":{"start":{"line":20,"column":2},"end":{"line":22,"column":null}},"9":{"start":{"line":21,"column":4},"end":{"line":21,"column":null}},"10":{"start":{"line":24,"column":20},"end":{"line":28,"column":null}},"11":{"start":{"line":25,"column":4},"end":{"line":25,"column":null}},"12":{"start":{"line":26,"column":4},"end":{"line":26,"column":null}},"13":{"start":{"line":27,"column":4},"end":{"line":27,"column":null}},"14":{"start":{"line":30,"column":21},"end":{"line":34,"column":null}},"15":{"start":{"line":31,"column":4},"end":{"line":31,"column":null}},"16":{"start":{"line":32,"column":4},"end":{"line":32,"column":null}},"17":{"start":{"line":33,"column":4},"end":{"line":33,"column":null}},"18":{"start":{"line":36,"column":2},"end":{"line":41,"column":null}},"19":{"start":{"line":43,"column":2},"end":{"line":18,"column":29}},"20":{"start":{"line":13,"column":14},"end":{"line":18,"column":29}},"21":{"start":{"line":18,"column":28},"end":{"line":13,"column":14}},"22":{"start":{"line":45,"column":20},"end":{"line":45,"column":null}}},"fnMap":{"0":{"name":"(anonymous_1)","decl":{"start":{"line":13,"column":17},"end":{"line":13,"column":23}},"loc":{"start":{"line":13,"column":23},"end":{"line":43,"column":2}}},"1":{"name":"(anonymous_2)","decl":{"start":{"line":14,"column":29},"end":{"line":14,"column":30}},"loc":{"start":{"line":14,"column":51},"end":{"line":14,"column":77}}},"2":{"name":"(anonymous_3)","decl":{"start":{"line":20,"column":12},"end":{"line":20,"column":18}},"loc":{"start":{"line":20,"column":18},"end":{"line":22,"column":5}}},"3":{"name":"(anonymous_4)","decl":{"start":{"line":24,"column":20},"end":{"line":24,"column":21}},"loc":{"start":{"line":24,"column":36},"end":{"line":28,"column":null}}},"4":{"name":"(anonymous_5)","decl":{"start":{"line":30,"column":21},"end":{"line":30,"column":27}},"loc":{"start":{"line":30,"column":27},"end":{"line":34,"column":null}}},"5":{"name":"(anonymous_6)","decl":{"start":{"line":13,"column":14},"end":{"line":13,"column":17}},"loc":{"start":{"line":13,"column":14},"end":{"line":18,"column":29}}}},"branchMap":{"0":{"loc":{"start":{"line":39,"column":7},"end":{"line":39,"column":null}},"type":"cond-expr","locations":[{"start":{"line":39,"column":16},"end":{"line":39,"column":29}},{"start":{"line":39,"column":29},"end":{"line":39,"column":null}}]},"1":{"loc":{"start":{"line":40,"column":7},"end":{"line":40,"column":null}},"type":"binary-expr","locations":[{"start":{"line":40,"column":7},"end":{"line":40,"column":22}},{"start":{"line":40,"column":22},"end":{"line":40,"column":36}},{"start":{"line":40,"column":36},"end":{"line":40,"column":null}}]}},"s":{"0":11,"1":49,"2":49,"3":90,"4":49,"5":49,"6":49,"7":49,"8":49,"9":15,"10":49,"11":3,"12":3,"13":3,"14":49,"15":2,"16":2,"17":2,"18":49,"19":11,"20":7,"21":11,"22":11},"f":{"0":49,"1":90,"2":15,"3":3,"4":2,"5":7},"b":{"0":[15,34],"1":[49,3,3]}}
,"C:/Users/Dziana_Babrova/Projects/first-react-app/src/pages/not-found-page/NotFound.tsx": {"path":"C:/Users/Dziana_Babrova/Projects/first-react-app/src/pages/not-found-page/NotFound.tsx","statementMap":{"0":{"start":{"line":1,"column":27},"end":{"line":1,"column":null}},"1":{"start":{"line":1,"column":27},"end":{"line":7,"column":2}},"2":{"start":{"line":2,"column":2},"end":{"line":5,"column":null}},"3":{"start":{"line":7,"column":2},"end":{"line":1,"column":27}},"4":{"start":{"line":9,"column":24},"end":{"line":9,"column":null}}},"fnMap":{"0":{"name":"(anonymous_0)","decl":{"start":{"line":1,"column":27},"end":{"line":1,"column":null}},"loc":{"start":{"line":1,"column":27},"end":{"line":1,"column":null}}}},"branchMap":{"0":{"loc":{"start":{"line":1,"column":27},"end":{"line":1,"column":null}},"type":"if","locations":[{"start":{"line":1,"column":27},"end":{"line":1,"column":null}}]}},"s":{"0":77,"1":11,"2":0,"3":11,"4":11},"f":{"0":11},"b":{"0":[11]}}
,"C:/Users/Dziana_Babrova/Projects/first-react-app/src/services/ApiService.ts": {"path":"C:/Users/Dziana_Babrova/Projects/first-react-app/src/services/ApiService.ts","statementMap":{"0":{"start":{"line":3,"column":29},"end":{"line":12,"column":null}},"1":{"start":{"line":4,"column":2},"end":{"line":11,"column":null}},"2":{"start":{"line":5,"column":21},"end":{"line":5,"column":null}},"3":{"start":{"line":6,"column":17},"end":{"line":6,"column":null}},"4":{"start":{"line":7,"column":4},"end":{"line":7,"column":null}},"5":{"start":{"line":9,"column":4},"end":{"line":9,"column":null}},"6":{"start":{"line":10,"column":4},"end":{"line":10,"column":null}},"7":{"start":{"line":14,"column":28},"end":{"line":22,"column":null}},"8":{"start":{"line":15,"column":2},"end":{"line":21,"column":null}},"9":{"start":{"line":16,"column":21},"end":{"line":16,"column":null}},"10":{"start":{"line":17,"column":17},"end":{"line":17,"column":null}},"11":{"start":{"line":18,"column":4},"end":{"line":18,"column":null}},"12":{"start":{"line":20,"column":4},"end":{"line":20,"column":null}}},"fnMap":{"0":{"name":"(anonymous_0)","decl":{"start":{"line":3,"column":29},"end":{"line":3,"column":36}},"loc":{"start":{"line":3,"column":82},"end":{"line":12,"column":null}}},"1":{"name":"(anonymous_1)","decl":{"start":{"line":14,"column":28},"end":{"line":14,"column":35}},"loc":{"start":{"line":14,"column":82},"end":{"line":22,"column":null}}}},"branchMap":{},"s":{"0":11,"1":15,"2":15,"3":15,"4":15,"5":0,"6":0,"7":11,"8":3,"9":3,"10":3,"11":3,"12":0},"f":{"0":15,"1":3},"b":{}}
,"C:/Users/Dziana_Babrova/Projects/first-react-app/src/state/reducers/characterReducer.ts": {"path":"C:/Users/Dziana_Babrova/Projects/first-react-app/src/state/reducers/characterReducer.ts","statementMap":{"0":{"start":{"line":12,"column":47},"end":{"line":16,"column":null}},"1":{"start":{"line":18,"column":30},"end":{"line":18,"column":null}},"2":{"start":{"line":20,"column":30},"end":{"line":42,"column":null}},"3":{"start":{"line":25,"column":6},"end":{"line":25,"column":null}},"4":{"start":{"line":29,"column":4},"end":{"line":40,"column":null}},"5":{"start":{"line":31,"column":8},"end":{"line":31,"column":null}},"6":{"start":{"line":34,"column":8},"end":{"line":34,"column":null}},"7":{"start":{"line":35,"column":8},"end":{"line":35,"column":null}},"8":{"start":{"line":38,"column":8},"end":{"line":38,"column":null}},"9":{"start":{"line":39,"column":8},"end":{"line":39,"column":null}},"10":{"start":{"line":44,"column":33},"end":{"line":44,"column":null}},"11":{"start":{"line":44,"column":55},"end":{"line":44,"column":null}},"12":{"start":{"line":46,"column":29},"end":{"line":46,"column":null}}},"fnMap":{"0":{"name":"(anonymous_0)","decl":{"start":{"line":24,"column":15},"end":{"line":24,"column":16}},"loc":{"start":{"line":24,"column":26},"end":{"line":26,"column":null}}},"1":{"name":"(anonymous_1)","decl":{"start":{"line":28,"column":2},"end":{"line":28,"column":16}},"loc":{"start":{"line":28,"column":25},"end":{"line":41,"column":null}}},"2":{"name":"(anonymous_2)","decl":{"start":{"line":30,"column":39},"end":{"line":30,"column":40}},"loc":{"start":{"line":30,"column":50},"end":{"line":32,"column":7}}},"3":{"name":"(anonymous_3)","decl":{"start":{"line":33,"column":41},"end":{"line":33,"column":42}},"loc":{"start":{"line":33,"column":60},"end":{"line":36,"column":7}}},"4":{"name":"(anonymous_4)","decl":{"start":{"line":37,"column":40},"end":{"line":37,"column":41}},"loc":{"start":{"line":37,"column":59},"end":{"line":40,"column":7}}},"5":{"name":"(anonymous_5)","decl":{"start":{"line":44,"column":33},"end":{"line":44,"column":34}},"loc":{"start":{"line":44,"column":55},"end":{"line":44,"column":null}}}},"branchMap":{},"s":{"0":11,"1":11,"2":11,"3":2,"4":11,"5":3,"6":3,"7":3,"8":0,"9":0,"10":11,"11":8,"12":11},"f":{"0":2,"1":11,"2":3,"3":3,"4":0,"5":8},"b":{}}
,"C:/Users/Dziana_Babrova/Projects/first-react-app/src/state/reducers/charactersReducer.ts": {"path":"C:/Users/Dziana_Babrova/Projects/first-react-app/src/state/reducers/charactersReducer.ts","statementMap":{"0":{"start":{"line":12,"column":48},"end":{"line":16,"column":null}},"1":{"start":{"line":18,"column":31},"end":{"line":18,"column":null}},"2":{"start":{"line":20,"column":31},"end":{"line":38,"column":null}},"3":{"start":{"line":25,"column":4},"end":{"line":36,"column":null}},"4":{"start":{"line":27,"column":8},"end":{"line":27,"column":null}},"5":{"start":{"line":30,"column":8},"end":{"line":30,"column":null}},"6":{"start":{"line":31,"column":8},"end":{"line":31,"column":null}},"7":{"start":{"line":34,"column":8},"end":{"line":34,"column":null}},"8":{"start":{"line":35,"column":8},"end":{"line":35,"column":null}},"9":{"start":{"line":40,"column":34},"end":{"line":40,"column":null}},"10":{"start":{"line":40,"column":56},"end":{"line":40,"column":null}}},"fnMap":{"0":{"name":"(anonymous_0)","decl":{"start":{"line":24,"column":2},"end":{"line":24,"column":16}},"loc":{"start":{"line":24,"column":25},"end":{"line":37,"column":null}}},"1":{"name":"(anonymous_1)","decl":{"start":{"line":26,"column":40},"end":{"line":26,"column":41}},"loc":{"start":{"line":26,"column":51},"end":{"line":28,"column":7}}},"2":{"name":"(anonymous_2)","decl":{"start":{"line":29,"column":42},"end":{"line":29,"column":43}},"loc":{"start":{"line":29,"column":61},"end":{"line":32,"column":7}}},"3":{"name":"(anonymous_3)","decl":{"start":{"line":33,"column":41},"end":{"line":33,"column":42}},"loc":{"start":{"line":33,"column":60},"end":{"line":36,"column":7}}},"4":{"name":"(anonymous_4)","decl":{"start":{"line":40,"column":34},"end":{"line":40,"column":35}},"loc":{"start":{"line":40,"column":56},"end":{"line":40,"column":null}}}},"branchMap":{},"s":{"0":11,"1":11,"2":11,"3":11,"4":15,"5":15,"6":15,"7":0,"8":0,"9":11,"10":70},"f":{"0":11,"1":15,"2":15,"3":0,"4":70},"b":{}}
,"C:/Users/Dziana_Babrova/Projects/first-react-app/src/state/reducers/eventsReducer.ts": {"path":"C:/Users/Dziana_Babrova/Projects/first-react-app/src/state/reducers/eventsReducer.ts","statementMap":{"0":{"start":{"line":5,"column":29},"end":{"line":5,"column":null}},"1":{"start":{"line":7,"column":26},"end":{"line":15,"column":null}},"2":{"start":{"line":12,"column":6},"end":{"line":12,"column":null}},"3":{"start":{"line":17,"column":25},"end":{"line":17,"column":null}},"4":{"start":{"line":17,"column":47},"end":{"line":17,"column":null}},"5":{"start":{"line":19,"column":31},"end":{"line":19,"column":null}}},"fnMap":{"0":{"name":"(anonymous_0)","decl":{"start":{"line":11,"column":17},"end":{"line":11,"column":18}},"loc":{"start":{"line":11,"column":37},"end":{"line":13,"column":null}}},"1":{"name":"(anonymous_1)","decl":{"start":{"line":17,"column":25},"end":{"line":17,"column":26}},"loc":{"start":{"line":17,"column":47},"end":{"line":17,"column":null}}}},"branchMap":{},"s":{"0":11,"1":11,"2":0,"3":11,"4":5,"5":11},"f":{"0":0,"1":5},"b":{}}
,"C:/Users/Dziana_Babrova/Projects/first-react-app/src/state/reducers/searchReducer.ts": {"path":"C:/Users/Dziana_Babrova/Projects/first-react-app/src/state/reducers/searchReducer.ts","statementMap":{"0":{"start":{"line":4,"column":27},"end":{"line":14,"column":null}},"1":{"start":{"line":11,"column":6},"end":{"line":11,"column":null}},"2":{"start":{"line":16,"column":30},"end":{"line":18,"column":null}},"3":{"start":{"line":17,"column":2},"end":{"line":17,"column":null}},"4":{"start":{"line":20,"column":26},"end":{"line":20,"column":null}}},"fnMap":{"0":{"name":"(anonymous_0)","decl":{"start":{"line":10,"column":12},"end":{"line":10,"column":13}},"loc":{"start":{"line":10,"column":55},"end":{"line":12,"column":null}}},"1":{"name":"(anonymous_1)","decl":{"start":{"line":16,"column":30},"end":{"line":16,"column":31}},"loc":{"start":{"line":16,"column":52},"end":{"line":18,"column":null}}}},"branchMap":{},"s":{"0":11,"1":4,"2":11,"3":240,"4":11},"f":{"0":4,"1":240},"b":{}}
,"C:/Users/Dziana_Babrova/Projects/first-react-app/src/state/store/store.ts": {"path":"C:/Users/Dziana_Babrova/Projects/first-react-app/src/state/store/store.ts","statementMap":{"0":{"start":{"line":7,"column":20},"end":{"line":12,"column":null}},"1":{"start":{"line":14,"column":19},"end":{"line":19,"column":null}},"2":{"start":{"line":15,"column":2},"end":{"line":18,"column":null}}},"fnMap":{"0":{"name":"(anonymous_0)","decl":{"start":{"line":14,"column":19},"end":{"line":14,"column":20}},"loc":{"start":{"line":14,"column":66},"end":{"line":19,"column":null}}}},"branchMap":{},"s":{"0":11,"1":11,"2":11},"f":{"0":11},"b":{}}
}
