TN:
SF:src\App.tsx
FN:1,(anonymous_0)
FN:9,App
FNF:2
FNH:2
FNDA:11,(anonymous_0)
FNDA:11,App
DA:1,77
DA:10,11
DA:20,11
DA:22,11
LF:4
LH:4
BRDA:1,0,0,11
BRF:1
BRH:1
end_of_record
TN:
SF:src\ClientApp.tsx
FNF:0
FNH:0
DA:14,11
DA:16,11
DA:18,11
DA:20,11
LF:4
LH:4
BRDA:16,0,0,11
BRDA:16,0,1,0
BRF:2
BRH:1
end_of_record
TN:
SF:src\components\Base.tsx
FN:1,(anonymous_0)
FN:5,(anonymous_1)
FNF:2
FNH:2
FNDA:11,(anonymous_0)
FNDA:11,(anonymous_1)
DA:1,77
DA:5,11
DA:6,11
DA:13,11
DA:15,11
LF:5
LH:5
BRDA:1,0,0,11
BRF:1
BRH:1
end_of_record
TN:
SF:src\components\cards\Card.tsx
FN:1,(anonymous_0)
FN:17,(anonymous_1)
FNF:2
FNH:2
FNDA:11,(anonymous_0)
FNDA:596,(anonymous_1)
DA:1,77
DA:17,11
DA:18,596
DA:26,11
DA:28,11
LF:5
LH:5
BRDA:1,0,0,11
BRF:1
BRH:1
end_of_record
TN:
SF:src\components\cards\CardsList.tsx
FN:10,(anonymous_1)
FN:16,(anonymous_2)
FN:10,(anonymous_3)
FNF:3
FNH:3
FNDA:34,(anonymous_1)
FNDA:596,(anonymous_2)
FNDA:7,(anonymous_3)
DA:10,34
DA:11,34
DA:13,34
DA:17,596
DA:31,11
DA:33,11
LF:6
LH:6
BRDA:15,0,0,31
BRDA:15,0,1,3
BRDA:15,1,0,34
BRDA:15,1,1,31
BRF:4
BRH:4
end_of_record
TN:
SF:src\components\confirmation\Confirmation.tsx
FN:1,(anonymous_0)
FN:7,(anonymous_1)
FNF:2
FNH:2
FNDA:11,(anonymous_0)
FNDA:5,(anonymous_1)
DA:1,77
DA:7,11
DA:8,5
DA:13,11
DA:15,11
LF:5
LH:5
BRDA:1,0,0,11
BRDA:10,1,0,0
BRDA:10,1,1,5
BRF:3
BRH:2
end_of_record
TN:
SF:src\components\event-card\EventCard.tsx
FN:1,(anonymous_0)
FN:4,(anonymous_1)
FNF:2
FNH:1
FNDA:11,(anonymous_0)
FNDA:0,(anonymous_1)
DA:1,77
DA:4,11
DA:5,0
DA:30,11
DA:32,11
LF:5
LH:4
BRDA:1,0,0,11
BRF:1
BRH:1
end_of_record
TN:
SF:src\components\event-card\EventCards.tsx
FN:5,(anonymous_1)
FN:9,(anonymous_2)
FN:5,(anonymous_3)
FNF:3
FNH:2
FNDA:5,(anonymous_1)
FNDA:0,(anonymous_2)
FNDA:5,(anonymous_3)
DA:5,11
DA:6,11
DA:7,5
DA:10,0
DA:14,11
DA:16,11
LF:6
LH:5
BRF:0
BRH:0
end_of_record
TN:
SF:src\components\footer\Footer.tsx
FN:1,(anonymous_0)
FN:3,(anonymous_1)
FNF:2
FNH:2
FNDA:11,(anonymous_0)
FNDA:11,(anonymous_1)
DA:1,77
DA:3,11
DA:4,11
DA:29,11
LF:4
LH:4
BRDA:1,0,0,11
BRF:1
BRH:1
end_of_record
TN:
SF:src\components\form\Form.tsx
FN:38,(anonymous_1)
FN:47,(anonymous_2)
FN:78,(anonymous_3)
FN:101,(anonymous_4)
FN:38,(anonymous_5)
FNF:5
FNH:4
FNDA:6,(anonymous_1)
FNDA:0,(anonymous_2)
FNDA:24,(anonymous_3)
FNDA:12,(anonymous_4)
FNDA:5,(anonymous_5)
DA:34,11
DA:35,11
DA:36,11
DA:38,11
DA:45,11
DA:47,6
DA:48,0
DA:49,0
DA:58,0
DA:61,6
DA:79,24
DA:102,12
DA:132,11
DA:134,11
LF:14
LH:11
BRDA:69,0,0,1
BRDA:69,0,1,5
BRDA:75,1,0,1
BRDA:75,1,1,5
BRDA:86,2,0,1
BRDA:86,2,1,23
BRDA:86,3,0,24
BRDA:86,3,1,6
BRDA:98,4,0,1
BRDA:98,4,1,5
BRDA:109,5,0,1
BRDA:109,5,1,11
BRDA:109,6,0,12
BRDA:109,6,1,6
BRDA:120,7,0,1
BRDA:120,7,1,5
BRDA:126,8,0,1
BRDA:126,8,1,5
BRF:18
BRH:18
end_of_record
TN:
SF:src\components\header\Header.tsx
FN:5,(anonymous_1)
FN:8,(anonymous_2)
FN:5,(anonymous_3)
FNF:3
FNH:3
FNDA:22,(anonymous_1)
FNDA:22,(anonymous_2)
FNDA:11,(anonymous_3)
DA:5,22
DA:6,22
DA:8,22
DA:9,22
DA:11,11
DA:14,6
DA:17,5
DA:20,0
DA:25,22
DA:33,11
DA:35,11
LF:11
LH:10
BRDA:9,0,0,11
BRDA:9,0,1,6
BRDA:9,0,2,5
BRDA:9,0,3,0
BRF:4
BRH:3
end_of_record
TN:
SF:src\components\inputs\checkbox\CheckboxInput.tsx
FN:1,(anonymous_0)
FN:12,(anonymous_1)
FNF:2
FNH:2
FNDA:11,(anonymous_0)
FNDA:24,(anonymous_1)
DA:1,77
DA:12,11
DA:19,24
DA:26,11
LF:4
LH:4
BRDA:1,0,0,11
BRDA:23,1,0,24
BRDA:23,1,1,1
BRF:3
BRH:3
end_of_record
TN:
SF:src\components\inputs\date\DateInput.tsx
FN:1,(anonymous_0)
FN:9,(anonymous_1)
FNF:2
FNH:2
FNDA:11,(anonymous_0)
FNDA:6,(anonymous_1)
DA:1,77
DA:9,11
DA:10,6
DA:16,11
LF:4
LH:4
BRDA:1,0,0,11
BRDA:12,1,0,6
BRDA:12,1,1,1
BRF:3
BRH:3
end_of_record
TN:
SF:src\components\inputs\file\FileInput.tsx
FN:1,(anonymous_0)
FN:9,(anonymous_1)
FNF:2
FNH:2
FNDA:11,(anonymous_0)
FNDA:6,(anonymous_1)
DA:1,77
DA:9,11
DA:10,6
DA:21,11
LF:4
LH:4
BRDA:1,0,0,11
BRF:1
BRH:1
end_of_record
TN:
SF:src\components\inputs\radio\RadioInput.tsx
FN:1,(anonymous_0)
FN:12,(anonymous_1)
FNF:2
FNH:2
FNDA:11,(anonymous_0)
FNDA:12,(anonymous_1)
DA:1,77
DA:12,11
DA:13,12
DA:20,11
LF:4
LH:4
BRDA:1,0,0,11
BRDA:17,1,0,12
BRDA:17,1,1,1
BRF:3
BRH:3
end_of_record
TN:
SF:src\components\inputs\select\Select.tsx
FN:1,(anonymous_0)
FN:11,(anonymous_1)
FN:29,(anonymous_2)
FNF:3
FNH:3
FNDA:11,(anonymous_0)
FNDA:6,(anonymous_1)
FNDA:30,(anonymous_2)
DA:1,77
DA:11,11
DA:18,6
DA:30,30
DA:38,11
LF:5
LH:5
BRDA:1,0,0,11
BRDA:21,1,0,1
BRDA:21,1,1,5
BRF:3
BRH:3
end_of_record
TN:
SF:src\components\inputs\text\TextInput.tsx
FN:1,(anonymous_0)
FN:10,(anonymous_1)
FNF:2
FNH:2
FNDA:11,(anonymous_0)
FNDA:12,(anonymous_1)
DA:1,77
DA:10,11
DA:11,12
DA:18,11
LF:4
LH:4
BRDA:1,0,0,11
BRDA:14,1,0,2
BRDA:14,1,1,10
BRF:3
BRH:3
end_of_record
TN:
SF:src\components\loader\Loader.tsx
FN:1,(anonymous_0)
FN:3,(anonymous_1)
FNF:2
FNH:2
FNDA:11,(anonymous_0)
FNDA:18,(anonymous_1)
DA:1,77
DA:3,11
DA:4,18
DA:9,11
LF:4
LH:4
BRDA:1,0,0,11
BRF:1
BRH:1
end_of_record
TN:
SF:src\components\modal\Modal.tsx
FN:11,(anonymous_1)
FN:12,(anonymous_2)
FN:15,selectColor
FN:11,(anonymous_4)
FNF:4
FNH:4
FNDA:6,(anonymous_1)
FNDA:11,(anonymous_2)
FNDA:3,selectColor
FNDA:2,(anonymous_4)
DA:11,11
DA:12,11
DA:13,11
DA:16,3
DA:18,3
DA:20,0
DA:22,0
DA:26,6
DA:61,11
LF:9
LH:7
BRDA:16,0,0,3
BRDA:16,0,1,0
BRDA:16,0,2,0
BRDA:30,1,0,3
BRDA:30,1,1,3
BRDA:32,2,0,3
BRDA:32,2,1,0
BRF:7
BRH:4
end_of_record
TN:
SF:src\components\navigation\Navigation.tsx
FN:1,(anonymous_0)
FN:20,(anonymous_1)
FN:23,(anonymous_2)
FN:26,(anonymous_3)
FNF:4
FNH:4
FNDA:11,(anonymous_0)
FNDA:66,(anonymous_1)
FNDA:22,(anonymous_2)
FNDA:66,(anonymous_3)
DA:1,77
DA:5,11
DA:20,11
DA:21,66
DA:23,11
DA:24,22
DA:27,66
DA:33,11
DA:35,11
LF:9
LH:9
BRDA:1,0,0,11
BRDA:21,1,0,22
BRDA:21,1,1,44
BRF:3
BRH:3
end_of_record
TN:
SF:src\components\search\Search.tsx
FN:8,(anonymous_1)
FN:14,(anonymous_2)
FN:8,(anonymous_3)
FNF:3
FNH:3
FNDA:49,(anonymous_1)
FNDA:4,(anonymous_2)
FNDA:7,(anonymous_3)
DA:8,49
DA:9,49
DA:10,49
DA:11,49
DA:12,49
DA:14,49
DA:15,4
DA:16,4
DA:19,49
DA:25,11
DA:27,11
LF:11
LH:11
BRDA:12,0,0,38
BRDA:16,1,0,4
BRF:2
BRH:2
end_of_record
TN:
SF:src\consts\formValidationRules.ts
FN:17,(anonymous_0)
FN:34,(anonymous_1)
FNF:2
FNH:1
FNDA:1,(anonymous_0)
FNDA:0,(anonymous_1)
DA:1,11
DA:18,1
DA:35,0
LF:3
LH:2
BRDA:18,0,0,1
BRDA:35,1,0,0
BRDA:35,1,1,0
BRF:3
BRH:1
end_of_record
TN:
SF:src\pages\about-page\About.tsx
FN:1,(anonymous_0)
FN:3,(anonymous_1)
FNF:2
FNH:2
FNDA:11,(anonymous_0)
FNDA:6,(anonymous_1)
DA:1,77
DA:3,11
DA:4,6
DA:9,11
DA:11,11
LF:5
LH:5
BRDA:1,0,0,11
BRF:1
BRH:1
end_of_record
TN:
SF:src\pages\forms-page\Forms.tsx
FN:9,(anonymous_1)
FN:13,(anonymous_2)
FN:16,(anonymous_3)
FN:9,(anonymous_4)
FNF:4
FNH:2
FNDA:5,(anonymous_1)
FNDA:0,(anonymous_2)
FNDA:0,(anonymous_3)
FNDA:5,(anonymous_4)
DA:9,11
DA:10,11
DA:11,5
DA:13,5
DA:14,0
DA:15,0
DA:16,0
DA:17,0
DA:21,5
DA:30,11
DA:32,11
LF:11
LH:7
BRF:0
BRH:0
end_of_record
TN:
SF:src\pages\home-page\Home.tsx
FN:13,(anonymous_1)
FN:14,(anonymous_2)
FN:20,(anonymous_3)
FN:24,(anonymous_4)
FN:30,(anonymous_5)
FN:13,(anonymous_6)
FNF:6
FNH:6
FNDA:49,(anonymous_1)
FNDA:90,(anonymous_2)
FNDA:15,(anonymous_3)
FNDA:3,(anonymous_4)
FNDA:2,(anonymous_5)
FNDA:7,(anonymous_6)
DA:13,49
DA:14,90
DA:15,49
DA:16,49
DA:17,49
DA:18,49
DA:20,49
DA:21,15
DA:24,49
DA:25,3
DA:26,3
DA:27,3
DA:30,49
DA:31,2
DA:32,2
DA:33,2
DA:36,49
DA:43,11
DA:45,11
LF:19
LH:19
BRDA:39,0,0,15
BRDA:39,0,1,34
BRDA:40,1,0,49
BRDA:40,1,1,3
BRDA:40,1,2,3
BRF:5
BRH:5
end_of_record
TN:
SF:src\pages\not-found-page\NotFound.tsx
FN:1,(anonymous_0)
FNF:1
FNH:1
FNDA:11,(anonymous_0)
DA:1,77
DA:2,0
DA:7,11
DA:9,11
LF:4
LH:3
BRDA:1,0,0,11
BRF:1
BRH:1
end_of_record
TN:
SF:src\services\ApiService.ts
FN:3,(anonymous_0)
FN:14,(anonymous_1)
FNF:2
FNH:2
FNDA:15,(anonymous_0)
FNDA:3,(anonymous_1)
DA:3,11
DA:4,15
DA:5,15
DA:6,15
DA:7,15
DA:9,0
DA:10,0
DA:14,11
DA:15,3
DA:16,3
DA:17,3
DA:18,3
DA:20,0
LF:13
LH:10
BRF:0
BRH:0
end_of_record
TN:
SF:src\state\reducers\characterReducer.ts
FN:24,(anonymous_0)
FN:28,(anonymous_1)
FN:30,(anonymous_2)
FN:33,(anonymous_3)
FN:37,(anonymous_4)
FN:44,(anonymous_5)
FNF:6
FNH:5
FNDA:2,(anonymous_0)
FNDA:11,(anonymous_1)
FNDA:3,(anonymous_2)
FNDA:3,(anonymous_3)
FNDA:0,(anonymous_4)
FNDA:8,(anonymous_5)
DA:12,11
DA:18,11
DA:20,11
DA:25,2
DA:29,11
DA:31,3
DA:34,3
DA:35,3
DA:38,0
DA:39,0
DA:44,11
DA:46,11
LF:12
LH:10
BRF:0
BRH:0
end_of_record
TN:
SF:src\state\reducers\charactersReducer.ts
FN:24,(anonymous_0)
FN:26,(anonymous_1)
FN:29,(anonymous_2)
FN:33,(anonymous_3)
FN:40,(anonymous_4)
FNF:5
FNH:4
FNDA:11,(anonymous_0)
FNDA:15,(anonymous_1)
FNDA:15,(anonymous_2)
FNDA:0,(anonymous_3)
FNDA:70,(anonymous_4)
DA:12,11
DA:18,11
DA:20,11
DA:25,11
DA:27,15
DA:30,15
DA:31,15
DA:34,0
DA:35,0
DA:40,70
LF:10
LH:8
BRF:0
BRH:0
end_of_record
TN:
SF:src\state\reducers\eventsReducer.ts
FN:11,(anonymous_0)
FN:17,(anonymous_1)
FNF:2
FNH:1
FNDA:0,(anonymous_0)
FNDA:5,(anonymous_1)
DA:5,11
DA:7,11
DA:12,0
DA:17,11
DA:19,11
LF:5
LH:4
BRF:0
BRH:0
end_of_record
TN:
SF:src\state\reducers\searchReducer.ts
FN:10,(anonymous_0)
FN:16,(anonymous_1)
FNF:2
FNH:2
FNDA:4,(anonymous_0)
FNDA:240,(anonymous_1)
DA:4,11
DA:11,4
DA:16,11
DA:17,240
DA:20,11
LF:5
LH:5
BRF:0
BRH:0
end_of_record
TN:
SF:src\state\store\store.ts
FN:14,(anonymous_0)
FNF:1
FNH:1
FNDA:11,(anonymous_0)
DA:7,11
DA:14,11
DA:15,11
LF:3
LH:3
BRF:0
BRH:0
end_of_record
